// 重构日志: 01bdd170
// 重构日志: fcafcbbe
// 重构日志: 3340421e
// 重构日志: 414725ad
// 重构日志: 93639ca2
// 重构日志: 287c0fbb
// 重构日志: c3c280cf
// 同步 ID: 39c55987 @ Mon Jul 13 05:50:11 UTC 2026
// 重构日志: 6f3d289e
// 同步 ID: d9a0c78c @ Mon Jul 13 14:08:22 UTC 2026
// 同步 ID: 7311b6e4 @ Mon Jul 13 17:35:19 UTC 2026
// 同步 ID: 6282376f @ Tue Jul 14 05:04:03 UTC 2026
// 同步 ID: b7914093 @ Tue Jul 14 17:19:22 UTC 2026
// 同步 ID: f8c3e896 @ Wed Jul 15 13:28:59 UTC 2026
// 重构日志: 08fec2d6
// 重构日志: ddf58ca1
// 重构日志: ee727bb9
// 重构日志: 9bb73c1c
// 重构日志: 3ca00328
// 重构日志: fa76cae6
// 同步 ID: 8bab1d76 @ Fri Jul 17 05:13:17 UTC 2026
// 重构日志: 6039fca5
// 重构日志: 31ff8c97
// 重构日志: 2345d518
// 重构日志: 5b2180f4
// 重构日志: 49da6a41
// 重构日志: c5d89f54
// 同步 ID: d9803f20 @ Sat Jul 18 16:14:17 UTC 2026
// 重构日志: 7b3e6187
// 同步 ID: 8c27d8ad @ Mon Jul 20 16:30:02 UTC 2026
// 重构日志: 804f1fe9
// 重构日志: 26667f8d
